  [4;36;1mSQL (0.0ms)[0m   [0;1mSET NAMES 'utf8'[0m
  [4;35;1mSQL (0.0ms)[0m   [0mSET SQL_AUTO_IS_NULL=0[0m
  [4;36;1mSQL (0.0ms)[0m   [0;1mSHOW TABLES[0m
  [4;35;1mSQL (203.0ms)[0m   [0mCREATE TABLE `schema_migrations` (`version` varchar(255) NOT NULL) ENGINE=InnoDB[0m
  [4;36;1mSQL (32.0ms)[0m   [0;1mSHOW KEYS FROM `schema_migrations`[0m
  [4;35;1mSQL (203.0ms)[0m   [0mCREATE UNIQUE INDEX `unique_schema_migrations` ON `schema_migrations` (`version`)[0m
  [4;36;1mSQL (0.0ms)[0m   [0;1mSHOW TABLES[0m
  [4;35;1mSQL (0.0ms)[0m   [0mSELECT version FROM schema_migrations[0m
Migrating to CreateTopics (20100722104839)
  [4;36;1mSQL (94.0ms)[0m   [0;1mCREATE TABLE `topics` (`id` int(11) DEFAULT NULL auto_increment PRIMARY KEY, `name` varchar(255), `creation_time` datetime, `last_post` datetime, `user_id` int(11), `created_at` datetime, `updated_at` datetime) ENGINE=InnoDB[0m
  [4;35;1mSQL (46.0ms)[0m   [0mINSERT INTO schema_migrations (version) VALUES ('20100722104839')[0m
Migrating to CreatePosts (20100722104922)
  [4;36;1mSQL (63.0ms)[0m   [0;1mCREATE TABLE `posts` (`id` int(11) DEFAULT NULL auto_increment PRIMARY KEY, `title` varchar(255), `content` text, `creation_time` datetime, `user_id` int(11), `topic_id` int(11), `created_at` datetime, `updated_at` datetime) ENGINE=InnoDB[0m
  [4;35;1mSQL (15.0ms)[0m   [0mINSERT INTO schema_migrations (version) VALUES ('20100722104922')[0m
Migrating to CreateComments (20100722104958)
  [4;36;1mSQL (62.0ms)[0m   [0;1mCREATE TABLE `comments` (`id` int(11) DEFAULT NULL auto_increment PRIMARY KEY, `content` text, `creation_time` datetime, `user_id` int(11), `post_id` int(11), `created_at` datetime, `updated_at` datetime) ENGINE=InnoDB[0m
  [4;35;1mSQL (32.0ms)[0m   [0mINSERT INTO schema_migrations (version) VALUES ('20100722104958')[0m
Migrating to DeviseCreateUsers (20100722112654)
  [4;36;1mSQL (63.0ms)[0m   [0;1mCREATE TABLE `users` (`id` int(11) DEFAULT NULL auto_increment PRIMARY KEY, `email` varchar(255) DEFAULT '' NOT NULL, `encrypted_password` varchar(128) DEFAULT '' NOT NULL, `password_salt` varchar(255) DEFAULT '' NOT NULL, `confirmation_token` varchar(255), `confirmed_at` datetime, `confirmation_sent_at` datetime, `reset_password_token` varchar(255), `remember_token` varchar(255), `remember_created_at` datetime, `sign_in_count` int(11) DEFAULT 0, `current_sign_in_at` datetime, `last_sign_in_at` datetime, `current_sign_in_ip` varchar(255), `last_sign_in_ip` varchar(255), `name` varchar(255), `role` int(11), `created_at` datetime, `updated_at` datetime) ENGINE=InnoDB[0m
  [4;35;1mSQL (0.0ms)[0m   [0mSHOW KEYS FROM `users`[0m
  [4;36;1mSQL (218.0ms)[0m   [0;1mCREATE UNIQUE INDEX `index_users_on_email` ON `users` (`email`)[0m
  [4;35;1mSQL (0.0ms)[0m   [0mSHOW KEYS FROM `users`[0m
  [4;36;1mSQL (141.0ms)[0m   [0;1mCREATE UNIQUE INDEX `index_users_on_name` ON `users` (`name`)[0m
  [4;35;1mSQL (0.0ms)[0m   [0mSHOW KEYS FROM `users`[0m
  [4;36;1mSQL (141.0ms)[0m   [0;1mCREATE UNIQUE INDEX `index_users_on_confirmation_token` ON `users` (`confirmation_token`)[0m
  [4;35;1mSQL (0.0ms)[0m   [0mSHOW KEYS FROM `users`[0m
  [4;36;1mSQL (172.0ms)[0m   [0;1mCREATE UNIQUE INDEX `index_users_on_reset_password_token` ON `users` (`reset_password_token`)[0m
  [4;35;1mSQL (15.0ms)[0m   [0mINSERT INTO schema_migrations (version) VALUES ('20100722112654')[0m
  [4;36;1mSQL (0.0ms)[0m   [0;1mSHOW TABLES[0m
  [4;35;1mSQL (0.0ms)[0m   [0mSELECT version FROM schema_migrations[0m
  [4;36;1mSQL (0.0ms)[0m   [0;1mSHOW TABLES[0m
  [4;35;1mSQL (31.0ms)[0m   [0mSHOW FIELDS FROM `comments`[0m
  [4;36;1mSQL (0.0ms)[0m   [0;1mdescribe `comments`[0m
  [4;35;1mSQL (0.0ms)[0m   [0mSHOW KEYS FROM `comments`[0m
  [4;36;1mSQL (0.0ms)[0m   [0;1mSHOW FIELDS FROM `posts`[0m
  [4;35;1mSQL (0.0ms)[0m   [0mdescribe `posts`[0m
  [4;36;1mSQL (0.0ms)[0m   [0;1mSHOW KEYS FROM `posts`[0m
  [4;35;1mSQL (0.0ms)[0m   [0mSHOW FIELDS FROM `topics`[0m
  [4;36;1mSQL (16.0ms)[0m   [0;1mdescribe `topics`[0m
  [4;35;1mSQL (0.0ms)[0m   [0mSHOW KEYS FROM `topics`[0m
  [4;36;1mSQL (0.0ms)[0m   [0;1mSHOW FIELDS FROM `users`[0m
  [4;35;1mSQL (15.0ms)[0m   [0mdescribe `users`[0m
  [4;36;1mSQL (0.0ms)[0m   [0;1mSHOW KEYS FROM `users`[0m
